android/app/build/intermediates/manifest_merge_blame_file/debug/processDebugMainManifest/manifest-merger-blame-debug-report.txt
1<?xml version="1.0" encoding="utf-8"?>
2<manifest xmlns:android="http://schemas.android.com/apk/res/android"
3    package="com.telestream.player"
4    android:versionCode="1"
5    android:versionName="0.0.11" > <!-- Permissions -->
6    <uses-sdk
7        android:minSdkVersion="24"
8        android:targetSdkVersion="36" />
9
10    <uses-permission android:name="android.permission.INTERNET" />
10-->src\main\AndroidManifest.xml:4:5-67
10-->src\main\AndroidManifest.xml:4:22-64
11    <uses-permission android:name="android.permission.WAKE_LOCK" />
11-->[androidx.work:work-runtime:2.10.5] AndroidManifest.xml:23:5-68
11-->[androidx.work:work-runtime:2.10.5] AndroidManifest.xml:23:22-65
12    <uses-permission android:name="android.permission.ACCESS_NETWORK_STATE" />
12-->[androidx.work:work-runtime:2.10.5] AndroidManifest.xml:24:5-79
12-->[androidx.work:work-runtime:2.10.5] AndroidManifest.xml:24:22-76
13    <uses-permission android:name="android.permission.RECEIVE_BOOT_COMPLETED" />
13-->[androidx.work:work-runtime:2.10.5] AndroidManifest.xml:25:5-81
13-->[androidx.work:work-runtime:2.10.5] AndroidManifest.xml:25:22-78
14    <uses-permission android:name="android.permission.FOREGROUND_SERVICE" />
14-->[androidx.work:work-runtime:2.10.5] AndroidManifest.xml:26:5-77
14-->[androidx.work:work-runtime:2.10.5] AndroidManifest.xml:26:22-74
15
16    <permission
16-->[androidx.core:core:1.17.0] AndroidManifest.xml:22:5-24:47
17        android:name="com.telestream.player.DYNAMIC_RECEIVER_NOT_EXPORTED_PERMISSION"
17-->[androidx.core:core:1.17.0] AndroidManifest.xml:23:9-81
18        android:protectionLevel="signature" />
18-->[androidx.core:core:1.17.0] AndroidManifest.xml:24:9-44
19
20    <uses-permission android:name="com.telestream.player.DYNAMIC_RECEIVER_NOT_EXPORTED_PERMISSION" />
20-->[androidx.core:core:1.17.0] AndroidManifest.xml:26:5-97
20-->[androidx.core:core:1.17.0] AndroidManifest.xml:26:22-94
21
22    <application
22-->src\main\AndroidManifest.xml:6:5-38:19
23        android:allowBackup="true"
23-->src\main\AndroidManifest.xml:7:9-35
24        android:appComponentFactory="androidx.core.app.CoreComponentFactory"
24-->[androidx.core:core:1.17.0] AndroidManifest.xml:28:18-86
25        android:debuggable="true"
26        android:extractNativeLibs="false"
27        android:icon="@mipmap/ic_launcher"
27-->src\main\AndroidManifest.xml:8:9-43
28        android:label="@string/app_name"
28-->src\main\AndroidManifest.xml:9:9-41
29        android:roundIcon="@mipmap/ic_launcher_round"
29-->src\main\AndroidManifest.xml:10:9-54
30        android:supportsRtl="true"
30-->src\main\AndroidManifest.xml:11:9-35
31        android:theme="@style/AppTheme" >
31-->src\main\AndroidManifest.xml:12:9-40
32        <activity
32-->src\main\AndroidManifest.xml:14:9-27:20
33            android:name="com.telestream.player.MainActivity"
33-->src\main\AndroidManifest.xml:16:13-41
34            android:configChanges="orientation|keyboardHidden|keyboard|screenSize|locale|smallestScreenSize|screenLayout|uiMode|navigation|density"
34-->src\main\AndroidManifest.xml:15:13-148
35            android:exported="true"
35-->src\main\AndroidManifest.xml:20:13-36
36            android:label="@string/title_activity_main"
36-->src\main\AndroidManifest.xml:17:13-56
37            android:launchMode="singleTask"
37-->src\main\AndroidManifest.xml:19:13-44
38            android:theme="@style/AppTheme.NoActionBarLaunch" >
38-->src\main\AndroidManifest.xml:18:13-62
39            <intent-filter>
39-->src\main\AndroidManifest.xml:22:13-25:29
40                <action android:name="android.intent.action.MAIN" />
40-->src\main\AndroidManifest.xml:23:17-69
40-->src\main\AndroidManifest.xml:23:25-66
41
42                <category android:name="android.intent.category.LAUNCHER" />
42-->src\main\AndroidManifest.xml:24:17-77
42-->src\main\AndroidManifest.xml:24:27-74
43            </intent-filter>
44        </activity>
45
46        <provider
47            android:name="androidx.core.content.FileProvider"
47-->src\main\AndroidManifest.xml:30:13-62
48            android:authorities="com.telestream.player.fileprovider"
48-->src\main\AndroidManifest.xml:31:13-64
49            android:exported="false"
49-->src\main\AndroidManifest.xml:32:13-37
50            android:grantUriPermissions="true" >
50-->src\main\AndroidManifest.xml:33:13-47
51            <meta-data
51-->src\main\AndroidManifest.xml:34:13-36:64
52                android:name="android.support.FILE_PROVIDER_PATHS"
52-->src\main\AndroidManifest.xml:35:17-67
53                android:resource="@xml/file_paths" />
53-->src\main\AndroidManifest.xml:36:17-51
54        </provider>
55        <provider
55-->[androidx.emoji2:emoji2:1.3.0] AndroidManifest.xml:24:9-32:20
56            android:name="androidx.startup.InitializationProvider"
56-->[androidx.emoji2:emoji2:1.3.0] AndroidManifest.xml:25:13-67
57            android:authorities="com.telestream.player.androidx-startup"
57-->[androidx.emoji2:emoji2:1.3.0] AndroidManifest.xml:26:13-68
58            android:exported="false" >
58-->[androidx.emoji2:emoji2:1.3.0] AndroidManifest.xml:27:13-37
59            <meta-data
59-->[androidx.emoji2:emoji2:1.3.0] AndroidManifest.xml:29:13-31:52
60                android:name="androidx.emoji2.text.EmojiCompatInitializer"
60-->[androidx.emoji2:emoji2:1.3.0] AndroidManifest.xml:30:17-75
61                android:value="androidx.startup" />
61-->[androidx.emoji2:emoji2:1.3.0] AndroidManifest.xml:31:17-49
62            <meta-data
62-->[androidx.work:work-runtime:2.10.5] AndroidManifest.xml:34:13-36:52
63                android:name="androidx.work.WorkManagerInitializer"
63-->[androidx.work:work-runtime:2.10.5] AndroidManifest.xml:35:17-68
64                android:value="androidx.startup" />
64-->[androidx.work:work-runtime:2.10.5] AndroidManifest.xml:36:17-49
65            <meta-data
65-->[androidx.lifecycle:lifecycle-process:2.6.2] AndroidManifest.xml:29:13-31:52
66                android:name="androidx.lifecycle.ProcessLifecycleInitializer"
66-->[androidx.lifecycle:lifecycle-process:2.6.2] AndroidManifest.xml:30:17-78
67                android:value="androidx.startup" />
67-->[androidx.lifecycle:lifecycle-process:2.6.2] AndroidManifest.xml:31:17-49
68            <meta-data
68-->[androidx.profileinstaller:profileinstaller:1.4.0] AndroidManifest.xml:29:13-31:52
69                android:name="androidx.profileinstaller.ProfileInstallerInitializer"
69-->[androidx.profileinstaller:profileinstaller:1.4.0] AndroidManifest.xml:30:17-85
70                android:value="androidx.startup" />
70-->[androidx.profileinstaller:profileinstaller:1.4.0] AndroidManifest.xml:31:17-49
71        </provider>
72
73        <meta-data
73-->[com.google.android.gms:play-services-basement:18.8.0] AndroidManifest.xml:21:9-23:69
74            android:name="com.google.android.gms.version"
74-->[com.google.android.gms:play-services-basement:18.8.0] AndroidManifest.xml:22:13-58
75            android:value="@integer/google_play_services_version" />
75-->[com.google.android.gms:play-services-basement:18.8.0] AndroidManifest.xml:23:13-66
76
77        <service
77-->[androidx.work:work-runtime:2.10.5] AndroidManifest.xml:39:9-45:35
78            android:name="androidx.work.impl.background.systemalarm.SystemAlarmService"
78-->[androidx.work:work-runtime:2.10.5] AndroidManifest.xml:40:13-88
79            android:directBootAware="false"
79-->[androidx.work:work-runtime:2.10.5] AndroidManifest.xml:41:13-44
80            android:enabled="@bool/enable_system_alarm_service_default"
80-->[androidx.work:work-runtime:2.10.5] AndroidManifest.xml:42:13-72
81            android:exported="false" />
81-->[androidx.work:work-runtime:2.10.5] AndroidManifest.xml:43:13-37
82        <service
82-->[androidx.work:work-runtime:2.10.5] AndroidManifest.xml:46:9-52:35
83            android:name="androidx.work.impl.background.systemjob.SystemJobService"
83-->[androidx.work:work-runtime:2.10.5] AndroidManifest.xml:47:13-84
84            android:directBootAware="false"
84-->[androidx.work:work-runtime:2.10.5] AndroidManifest.xml:48:13-44
85            android:enabled="@bool/enable_system_job_service_default"
85-->[androidx.work:work-runtime:2.10.5] AndroidManifest.xml:49:13-70
86            android:exported="true"
86-->[androidx.work:work-runtime:2.10.5] AndroidManifest.xml:50:13-36
87            android:permission="android.permission.BIND_JOB_SERVICE" />
87-->[androidx.work:work-runtime:2.10.5] AndroidManifest.xml:51:13-69
88        <service
88-->[androidx.work:work-runtime:2.10.5] AndroidManifest.xml:53:9-59:35
89            android:name="androidx.work.impl.foreground.SystemForegroundService"
89-->[androidx.work:work-runtime:2.10.5] AndroidManifest.xml:54:13-81
90            android:directBootAware="false"
90-->[androidx.work:work-runtime:2.10.5] AndroidManifest.xml:55:13-44
91            android:enabled="@bool/enable_system_foreground_service_default"
91-->[androidx.work:work-runtime:2.10.5] AndroidManifest.xml:56:13-77
92            android:exported="false" />
92-->[androidx.work:work-runtime:2.10.5] AndroidManifest.xml:57:13-37
93
94        <receiver
94-->[androidx.work:work-runtime:2.10.5] AndroidManifest.xml:61:9-66:35
95            android:name="androidx.work.impl.utils.ForceStopRunnable$BroadcastReceiver"
95-->[androidx.work:work-runtime:2.10.5] AndroidManifest.xml:62:13-88
96            android:directBootAware="false"
96-->[androidx.work:work-runtime:2.10.5] AndroidManifest.xml:63:13-44
97            android:enabled="true"
97-->[androidx.work:work-runtime:2.10.5] AndroidManifest.xml:64:13-35
98            android:exported="false" />
98-->[androidx.work:work-runtime:2.10.5] AndroidManifest.xml:65:13-37
99        <receiver
99-->[androidx.work:work-runtime:2.10.5] AndroidManifest.xml:67:9-77:20
100            android:name="androidx.work.impl.background.systemalarm.ConstraintProxy$BatteryChargingProxy"
100-->[androidx.work:work-runtime:2.10.5] AndroidManifest.xml:68:13-106
101            android:directBootAware="false"
101-->[androidx.work:work-runtime:2.10.5] AndroidManifest.xml:69:13-44
102            android:enabled="false"
102-->[androidx.work:work-runtime:2.10.5] AndroidManifest.xml:70:13-36
103            android:exported="false" >
103-->[androidx.work:work-runtime:2.10.5] AndroidManifest.xml:71:13-37
104            <intent-filter>
104-->[androidx.work:work-runtime:2.10.5] AndroidManifest.xml:73:13-76:29
105                <action android:name="android.intent.action.ACTION_POWER_CONNECTED" />
105-->[androidx.work:work-runtime:2.10.5] AndroidManifest.xml:74:17-87
105-->[androidx.work:work-runtime:2.10.5] AndroidManifest.xml:74:25-84
106                <action android:name="android.intent.action.ACTION_POWER_DISCONNECTED" />
106-->[androidx.work:work-runtime:2.10.5] AndroidManifest.xml:75:17-90
106-->[androidx.work:work-runtime:2.10.5] AndroidManifest.xml:75:25-87
107            </intent-filter>
108        </receiver>
109        <receiver
109-->[androidx.work:work-runtime:2.10.5] AndroidManifest.xml:78:9-88:20
110            android:name="androidx.work.impl.background.systemalarm.ConstraintProxy$BatteryNotLowProxy"
110-->[androidx.work:work-runtime:2.10.5] AndroidManifest.xml:79:13-104
111            android:directBootAware="false"
111-->[androidx.work:work-runtime:2.10.5] AndroidManifest.xml:80:13-44
112            android:enabled="false"
112-->[androidx.work:work-runtime:2.10.5] AndroidManifest.xml:81:13-36
113            android:exported="false" >
113-->[androidx.work:work-runtime:2.10.5] AndroidManifest.xml:82:13-37
114            <intent-filter>
114-->[androidx.work:work-runtime:2.10.5] AndroidManifest.xml:84:13-87:29
115                <action android:name="android.intent.action.BATTERY_OKAY" />
115-->[androidx.work:work-runtime:2.10.5] AndroidManifest.xml:85:17-77
115-->[androidx.work:work-runtime:2.10.5] AndroidManifest.xml:85:25-74
116                <action android:name="android.intent.action.BATTERY_LOW" />
116-->[androidx.work:work-runtime:2.10.5] AndroidManifest.xml:86:17-76
116-->[androidx.work:work-runtime:2.10.5] AndroidManifest.xml:86:25-73
117            </intent-filter>
118        </receiver>
119        <receiver
119-->[androidx.work:work-runtime:2.10.5] AndroidManifest.xml:89:9-99:20
120            android:name="androidx.work.impl.background.systemalarm.ConstraintProxy$StorageNotLowProxy"
120-->[androidx.work:work-runtime:2.10.5] AndroidManifest.xml:90:13-104
121            android:directBootAware="false"
121-->[androidx.work:work-runtime:2.10.5] AndroidManifest.xml:91:13-44
122            android:enabled="false"
122-->[androidx.work:work-runtime:2.10.5] AndroidManifest.xml:92:13-36
123            android:exported="false" >
123-->[androidx.work:work-runtime:2.10.5] AndroidManifest.xml:93:13-37
124            <intent-filter>
124-->[androidx.work:work-runtime:2.10.5] AndroidManifest.xml:95:13-98:29
125                <action android:name="android.intent.action.DEVICE_STORAGE_LOW" />
125-->[androidx.work:work-runtime:2.10.5] AndroidManifest.xml:96:17-83
125-->[androidx.work:work-runtime:2.10.5] AndroidManifest.xml:96:25-80
126                <action android:name="android.intent.action.DEVICE_STORAGE_OK" />
126-->[androidx.work:work-runtime:2.10.5] AndroidManifest.xml:97:17-82
126-->[androidx.work:work-runtime:2.10.5] AndroidManifest.xml:97:25-79
127            </intent-filter>
128        </receiver>
129        <receiver
129-->[androidx.work:work-runtime:2.10.5] AndroidManifest.xml:100:9-109:20
130            android:name="androidx.work.impl.background.systemalarm.ConstraintProxy$NetworkStateProxy"
130-->[androidx.work:work-runtime:2.10.5] AndroidManifest.xml:101:13-103
131            android:directBootAware="false"
131-->[androidx.work:work-runtime:2.10.5] AndroidManifest.xml:102:13-44
132            android:enabled="false"
132-->[androidx.work:work-runtime:2.10.5] AndroidManifest.xml:103:13-36
133            android:exported="false" >
133-->[androidx.work:work-runtime:2.10.5] AndroidManifest.xml:104:13-37
134            <intent-filter>
134-->[androidx.work:work-runtime:2.10.5] AndroidManifest.xml:106:13-108:29
135                <action android:name="android.net.conn.CONNECTIVITY_CHANGE" />
135-->[androidx.work:work-runtime:2.10.5] AndroidManifest.xml:107:17-79
135-->[androidx.work:work-runtime:2.10.5] AndroidManifest.xml:107:25-76
136            </intent-filter>
137        </receiver>
138        <receiver
138-->[androidx.work:work-runtime:2.10.5] AndroidManifest.xml:110:9-121:20
139            android:name="androidx.work.impl.background.systemalarm.RescheduleReceiver"
139-->[androidx.work:work-runtime:2.10.5] AndroidManifest.xml:111:13-88
140            android:directBootAware="false"
140-->[androidx.work:work-runtime:2.10.5] AndroidManifest.xml:112:13-44
141            android:enabled="false"
141-->[androidx.work:work-runtime:2.10.5] AndroidManifest.xml:113:13-36
142            android:exported="false" >
142-->[androidx.work:work-runtime:2.10.5] AndroidManifest.xml:114:13-37
143            <intent-filter>
143-->[androidx.work:work-runtime:2.10.5] AndroidManifest.xml:116:13-120:29
144                <action android:name="android.intent.action.BOOT_COMPLETED" />
144-->[androidx.work:work-runtime:2.10.5] AndroidManifest.xml:117:17-79
144-->[androidx.work:work-runtime:2.10.5] AndroidManifest.xml:117:25-76
145                <action android:name="android.intent.action.TIME_SET" />
145-->[androidx.work:work-runtime:2.10.5] AndroidManifest.xml:118:17-73
145-->[androidx.work:work-runtime:2.10.5] AndroidManifest.xml:118:25-70
146                <action android:name="android.intent.action.TIMEZONE_CHANGED" />
146-->[androidx.work:work-runtime:2.10.5] AndroidManifest.xml:119:17-81
146-->[androidx.work:work-runtime:2.10.5] AndroidManifest.xml:119:25-78
147            </intent-filter>
148        </receiver>
149        <receiver
149-->[androidx.work:work-runtime:2.10.5] AndroidManifest.xml:122:9-131:20
150            android:name="androidx.work.impl.background.systemalarm.ConstraintProxyUpdateReceiver"
150-->[androidx.work:work-runtime:2.10.5] AndroidManifest.xml:123:13-99
151            android:directBootAware="false"
151-->[androidx.work:work-runtime:2.10.5] AndroidManifest.xml:124:13-44
152            android:enabled="@bool/enable_system_alarm_service_default"
152-->[androidx.work:work-runtime:2.10.5] AndroidManifest.xml:125:13-72
153            android:exported="false" >
153-->[androidx.work:work-runtime:2.10.5] AndroidManifest.xml:126:13-37
154            <intent-filter>
154-->[androidx.work:work-runtime:2.10.5] AndroidManifest.xml:128:13-130:29
155                <action android:name="androidx.work.impl.background.systemalarm.UpdateProxies" />
155-->[androidx.work:work-runtime:2.10.5] AndroidManifest.xml:129:17-98
155-->[androidx.work:work-runtime:2.10.5] AndroidManifest.xml:129:25-95
156            </intent-filter>
157        </receiver>
158        <receiver
158-->[androidx.work:work-runtime:2.10.5] AndroidManifest.xml:132:9-142:20
159            android:name="androidx.work.impl.diagnostics.DiagnosticsReceiver"
159-->[androidx.work:work-runtime:2.10.5] AndroidManifest.xml:133:13-78
160            android:directBootAware="false"
160-->[androidx.work:work-runtime:2.10.5] AndroidManifest.xml:134:13-44
161            android:enabled="true"
161-->[androidx.work:work-runtime:2.10.5] AndroidManifest.xml:135:13-35
162            android:exported="true"
162-->[androidx.work:work-runtime:2.10.5] AndroidManifest.xml:136:13-36
163            android:permission="android.permission.DUMP" >
163-->[androidx.work:work-runtime:2.10.5] AndroidManifest.xml:137:13-57
164            <intent-filter>
164-->[androidx.work:work-runtime:2.10.5] AndroidManifest.xml:139:13-141:29
165                <action android:name="androidx.work.diagnostics.REQUEST_DIAGNOSTICS" />
165-->[androidx.work:work-runtime:2.10.5] AndroidManifest.xml:140:17-88
165-->[androidx.work:work-runtime:2.10.5] AndroidManifest.xml:140:25-85
166            </intent-filter>
167        </receiver>
168        <receiver
168-->[androidx.profileinstaller:profileinstaller:1.4.0] AndroidManifest.xml:34:9-52:20
169            android:name="androidx.profileinstaller.ProfileInstallReceiver"
169-->[androidx.profileinstaller:profileinstaller:1.4.0] AndroidManifest.xml:35:13-76
170            android:directBootAware="false"
170-->[androidx.profileinstaller:profileinstaller:1.4.0] AndroidManifest.xml:36:13-44
171            android:enabled="true"
171-->[androidx.profileinstaller:profileinstaller:1.4.0] AndroidManifest.xml:37:13-35
172            android:exported="true"
172-->[androidx.profileinstaller:profileinstaller:1.4.0] AndroidManifest.xml:38:13-36
173            android:permission="android.permission.DUMP" >
173-->[androidx.profileinstaller:profileinstaller:1.4.0] AndroidManifest.xml:39:13-57
174            <intent-filter>
174-->[androidx.profileinstaller:profileinstaller:1.4.0] AndroidManifest.xml:40:13-42:29
175                <action android:name="androidx.profileinstaller.action.INSTALL_PROFILE" />
175-->[androidx.profileinstaller:profileinstaller:1.4.0] AndroidManifest.xml:41:17-91
175-->[androidx.profileinstaller:profileinstaller:1.4.0] AndroidManifest.xml:41:25-88
176            </intent-filter>
177            <intent-filter>
177-->[androidx.profileinstaller:profileinstaller:1.4.0] AndroidManifest.xml:43:13-45:29
178                <action android:name="androidx.profileinstaller.action.SKIP_FILE" />
178-->[androidx.profileinstaller:profileinstaller:1.4.0] AndroidManifest.xml:44:17-85
178-->[androidx.profileinstaller:profileinstaller:1.4.0] AndroidManifest.xml:44:25-82
179            </intent-filter>
180            <intent-filter>
180-->[androidx.profileinstaller:profileinstaller:1.4.0] AndroidManifest.xml:46:13-48:29
181                <action android:name="androidx.profileinstaller.action.SAVE_PROFILE" />
181-->[androidx.profileinstaller:profileinstaller:1.4.0] AndroidManifest.xml:47:17-88
181-->[androidx.profileinstaller:profileinstaller:1.4.0] AndroidManifest.xml:47:25-85
182            </intent-filter>
183            <intent-filter>
183-->[androidx.profileinstaller:profileinstaller:1.4.0] AndroidManifest.xml:49:13-51:29
184                <action android:name="androidx.profileinstaller.action.BENCHMARK_OPERATION" />
184-->[androidx.profileinstaller:profileinstaller:1.4.0] AndroidManifest.xml:50:17-95
184-->[androidx.profileinstaller:profileinstaller:1.4.0] AndroidManifest.xml:50:25-92
185            </intent-filter>
186        </receiver>
187
188        <service
188-->[androidx.room:room-runtime:2.6.1] AndroidManifest.xml:24:9-28:63
189            android:name="androidx.room.MultiInstanceInvalidationService"
189-->[androidx.room:room-runtime:2.6.1] AndroidManifest.xml:25:13-74
190            android:directBootAware="true"
190-->[androidx.room:room-runtime:2.6.1] AndroidManifest.xml:26:13-43
191            android:exported="false" /> <!-- The activities will be merged into the manifest of the hosting app. -->
191-->[androidx.room:room-runtime:2.6.1] AndroidManifest.xml:27:13-37
192        <activity
192-->[com.google.android.play:core-common:2.0.3] AndroidManifest.xml:14:9-18:65
193            android:name="com.google.android.play.core.common.PlayCoreDialogWrapperActivity"
193-->[com.google.android.play:core-common:2.0.3] AndroidManifest.xml:15:13-93
194            android:exported="false"
194-->[com.google.android.play:core-common:2.0.3] AndroidManifest.xml:16:13-37
195            android:stateNotNeeded="true"
195-->[com.google.android.play:core-common:2.0.3] AndroidManifest.xml:17:13-42
196            android:theme="@style/Theme.PlayCore.Transparent" />
196-->[com.google.android.play:core-common:2.0.3] AndroidManifest.xml:18:13-62
197    </application>
198
199</manifest>